[INFO] [2018-09-21 04:10:34][org.springframework.context.support.ClassPathXmlApplicationContext]Refreshing org.springframework.context.support.ClassPathXmlApplicationContext@3cb5cdba: startup date [Fri Sep 21 04:10:34 CST 2018]; root of context hierarchy
[INFO] [2018-09-21 04:10:34][org.springframework.beans.factory.xml.XmlBeanDefinitionReader]Loading XML bean definitions from class path resource [application.xml]
[INFO] [2018-09-21 04:10:34][org.springframework.context.support.ClassPathXmlApplicationContext]Refreshing org.springframework.context.support.ClassPathXmlApplicationContext@57baeedf: startup date [Fri Sep 21 04:10:34 CST 2018]; root of context hierarchy
[INFO] [2018-09-21 04:10:34][org.springframework.beans.factory.xml.XmlBeanDefinitionReader]Loading XML bean definitions from class path resource [application.xml]
[INFO] [2018-09-21 04:10:34][org.springframework.context.support.ClassPathXmlApplicationContext]Refreshing org.springframework.context.support.ClassPathXmlApplicationContext@5442a311: startup date [Fri Sep 21 04:10:34 CST 2018]; root of context hierarchy
[INFO] [2018-09-21 04:10:34][org.springframework.beans.factory.xml.XmlBeanDefinitionReader]Loading XML bean definitions from class path resource [application.xml]
[INFO] [2018-09-21 04:10:34][org.springframework.context.support.ClassPathXmlApplicationContext]Refreshing org.springframework.context.support.ClassPathXmlApplicationContext@4667ae56: startup date [Fri Sep 21 04:10:34 CST 2018]; root of context hierarchy
[INFO] [2018-09-21 04:10:34][org.springframework.beans.factory.xml.XmlBeanDefinitionReader]Loading XML bean definitions from class path resource [application.xml]
[INFO] [2018-09-21 04:11:42][org.springframework.context.support.ClassPathXmlApplicationContext]Refreshing org.springframework.context.support.ClassPathXmlApplicationContext@3cb5cdba: startup date [Fri Sep 21 04:11:42 CST 2018]; root of context hierarchy
[INFO] [2018-09-21 04:11:42][org.springframework.beans.factory.xml.XmlBeanDefinitionReader]Loading XML bean definitions from class path resource [application.xml]
[INFO] [2018-09-21 04:11:42][org.springframework.context.support.ClassPathXmlApplicationContext]Refreshing org.springframework.context.support.ClassPathXmlApplicationContext@57baeedf: startup date [Fri Sep 21 04:11:42 CST 2018]; root of context hierarchy
[INFO] [2018-09-21 04:11:42][org.springframework.beans.factory.xml.XmlBeanDefinitionReader]Loading XML bean definitions from class path resource [application.xml]
[INFO] [2018-09-21 04:11:42][org.springframework.context.support.ClassPathXmlApplicationContext]Refreshing org.springframework.context.support.ClassPathXmlApplicationContext@5442a311: startup date [Fri Sep 21 04:11:42 CST 2018]; root of context hierarchy
[INFO] [2018-09-21 04:11:42][org.springframework.beans.factory.xml.XmlBeanDefinitionReader]Loading XML bean definitions from class path resource [application.xml]
[INFO] [2018-09-21 04:11:42][org.springframework.context.support.ClassPathXmlApplicationContext]Refreshing org.springframework.context.support.ClassPathXmlApplicationContext@4667ae56: startup date [Fri Sep 21 04:11:42 CST 2018]; root of context hierarchy
[INFO] [2018-09-21 04:11:42][org.springframework.beans.factory.xml.XmlBeanDefinitionReader]Loading XML bean definitions from class path resource [application.xml]
[INFO] [2018-09-21 04:12:42][org.springframework.context.support.ClassPathXmlApplicationContext]Refreshing org.springframework.context.support.ClassPathXmlApplicationContext@3cb5cdba: startup date [Fri Sep 21 04:12:42 CST 2018]; root of context hierarchy
[INFO] [2018-09-21 04:12:43][org.springframework.beans.factory.xml.XmlBeanDefinitionReader]Loading XML bean definitions from class path resource [application.xml]
[INFO] [2018-09-21 04:12:43][org.springframework.context.support.ClassPathXmlApplicationContext]Refreshing org.springframework.context.support.ClassPathXmlApplicationContext@57baeedf: startup date [Fri Sep 21 04:12:43 CST 2018]; root of context hierarchy
[INFO] [2018-09-21 04:12:43][org.springframework.beans.factory.xml.XmlBeanDefinitionReader]Loading XML bean definitions from class path resource [application.xml]
[INFO] [2018-09-21 04:12:43][org.springframework.context.support.ClassPathXmlApplicationContext]Refreshing org.springframework.context.support.ClassPathXmlApplicationContext@5442a311: startup date [Fri Sep 21 04:12:43 CST 2018]; root of context hierarchy
[INFO] [2018-09-21 04:12:43][org.springframework.beans.factory.xml.XmlBeanDefinitionReader]Loading XML bean definitions from class path resource [application.xml]
[INFO] [2018-09-21 04:12:43][org.springframework.context.support.ClassPathXmlApplicationContext]Refreshing org.springframework.context.support.ClassPathXmlApplicationContext@4667ae56: startup date [Fri Sep 21 04:12:43 CST 2018]; root of context hierarchy
[INFO] [2018-09-21 04:12:43][org.springframework.beans.factory.xml.XmlBeanDefinitionReader]Loading XML bean definitions from class path resource [application.xml]
[INFO] [2018-09-21 04:13:01][org.springframework.context.support.ClassPathXmlApplicationContext]Refreshing org.springframework.context.support.ClassPathXmlApplicationContext@2f7c7260: startup date [Fri Sep 21 04:13:01 CST 2018]; root of context hierarchy
[INFO] [2018-09-21 04:13:01][org.springframework.beans.factory.xml.XmlBeanDefinitionReader]Loading XML bean definitions from class path resource [application.xml]
[INFO] [2018-09-21 04:14:21][org.springframework.context.support.ClassPathXmlApplicationContext]Refreshing org.springframework.context.support.ClassPathXmlApplicationContext@2f7c7260: startup date [Fri Sep 21 04:14:21 CST 2018]; root of context hierarchy
[INFO] [2018-09-21 04:14:21][org.springframework.beans.factory.xml.XmlBeanDefinitionReader]Loading XML bean definitions from class path resource [application.xml]
[INFO] [2018-09-21 04:20:28][org.springframework.context.support.ClassPathXmlApplicationContext]Refreshing org.springframework.context.support.ClassPathXmlApplicationContext@2f7c7260: startup date [Fri Sep 21 04:20:28 CST 2018]; root of context hierarchy
[INFO] [2018-09-21 04:20:29][org.springframework.beans.factory.xml.XmlBeanDefinitionReader]Loading XML bean definitions from class path resource [application.xml]
[INFO] [2018-09-21 04:24:58][org.springframework.context.support.ClassPathXmlApplicationContext]Refreshing org.springframework.context.support.ClassPathXmlApplicationContext@2f7c7260: startup date [Fri Sep 21 04:24:58 CST 2018]; root of context hierarchy
[INFO] [2018-09-21 04:24:58][org.springframework.beans.factory.xml.XmlBeanDefinitionReader]Loading XML bean definitions from class path resource [application.xml]
[INFO] [2018-09-21 04:25:54][org.springframework.context.support.ClassPathXmlApplicationContext]Refreshing org.springframework.context.support.ClassPathXmlApplicationContext@2f7c7260: startup date [Fri Sep 21 04:25:54 CST 2018]; root of context hierarchy
[INFO] [2018-09-21 04:25:54][org.springframework.beans.factory.xml.XmlBeanDefinitionReader]Loading XML bean definitions from class path resource [application.xml]
[INFO] [2018-09-21 04:27:34][org.springframework.context.support.ClassPathXmlApplicationContext]Refreshing org.springframework.context.support.ClassPathXmlApplicationContext@2f7c7260: startup date [Fri Sep 21 04:27:34 CST 2018]; root of context hierarchy
[INFO] [2018-09-21 04:27:34][org.springframework.beans.factory.xml.XmlBeanDefinitionReader]Loading XML bean definitions from class path resource [application.xml]
[INFO] [2018-09-21 04:29:27][org.springframework.context.support.ClassPathXmlApplicationContext]Refreshing org.springframework.context.support.ClassPathXmlApplicationContext@2f7c7260: startup date [Fri Sep 21 04:29:27 CST 2018]; root of context hierarchy
[INFO] [2018-09-21 04:29:27][org.springframework.beans.factory.xml.XmlBeanDefinitionReader]Loading XML bean definitions from class path resource [application.xml]
[INFO] [2018-09-21 04:33:39][org.springframework.context.support.ClassPathXmlApplicationContext]Refreshing org.springframework.context.support.ClassPathXmlApplicationContext@2f7c7260: startup date [Fri Sep 21 04:33:39 CST 2018]; root of context hierarchy
[INFO] [2018-09-21 04:33:39][org.springframework.beans.factory.xml.XmlBeanDefinitionReader]Loading XML bean definitions from class path resource [application.xml]
[INFO] [2018-09-21 04:35:30][org.springframework.context.support.ClassPathXmlApplicationContext]Refreshing org.springframework.context.support.ClassPathXmlApplicationContext@2f7c7260: startup date [Fri Sep 21 04:35:30 CST 2018]; root of context hierarchy
[INFO] [2018-09-21 04:35:30][org.springframework.beans.factory.xml.XmlBeanDefinitionReader]Loading XML bean definitions from class path resource [application.xml]
[WARN] [2018-09-21 04:35:31][org.springframework.context.support.ClassPathXmlApplicationContext]Exception encountered during context initialization - cancelling refresh attempt: org.springframework.beans.factory.BeanDefinitionStoreException: Invalid bean definition with name 'dataSource' defined in class path resource [application.xml]: Could not resolve placeholder 'jdbc.driver' in value "${jdbc.driver}"; nested exception is java.lang.IllegalArgumentException: Could not resolve placeholder 'jdbc.driver' in value "${jdbc.driver}"
[INFO] [2018-09-21 04:36:32][org.springframework.context.support.ClassPathXmlApplicationContext]Refreshing org.springframework.context.support.ClassPathXmlApplicationContext@2f7c7260: startup date [Fri Sep 21 04:36:32 CST 2018]; root of context hierarchy
[INFO] [2018-09-21 04:36:32][org.springframework.beans.factory.xml.XmlBeanDefinitionReader]Loading XML bean definitions from class path resource [application.xml]
[INFO] [2018-09-21 04:38:41][org.springframework.context.support.ClassPathXmlApplicationContext]Refreshing org.springframework.context.support.ClassPathXmlApplicationContext@2f7c7260: startup date [Fri Sep 21 04:38:41 CST 2018]; root of context hierarchy
[INFO] [2018-09-21 04:38:41][org.springframework.beans.factory.xml.XmlBeanDefinitionReader]Loading XML bean definitions from class path resource [application.xml]
[INFO] [2018-09-21 04:55:18][org.springframework.context.support.ClassPathXmlApplicationContext]Refreshing org.springframework.context.support.ClassPathXmlApplicationContext@2f7c7260: startup date [Fri Sep 21 04:55:18 CST 2018]; root of context hierarchy
[INFO] [2018-09-21 04:55:18][org.springframework.beans.factory.xml.XmlBeanDefinitionReader]Loading XML bean definitions from class path resource [application.xml]
[WARN] [2018-09-21 04:55:19][org.springframework.context.support.ClassPathXmlApplicationContext]Exception encountered during context initialization - cancelling refresh attempt: org.springframework.beans.factory.BeanCreationException: Error creating bean with name 'mapperFactoryBean' defined in class path resource [application.xml]: Initialization of bean failed; nested exception is org.springframework.beans.TypeMismatchException: Failed to convert property value of type 'java.lang.String' to required type 'java.lang.Class' for property 'mapperInterface'; nested exception is java.lang.IllegalArgumentException: Cannot find class [com.test.mapper.StudentsMapper]
[INFO] [2018-09-21 04:59:14][org.springframework.context.support.ClassPathXmlApplicationContext]Refreshing org.springframework.context.support.ClassPathXmlApplicationContext@2f7c7260: startup date [Fri Sep 21 04:59:14 CST 2018]; root of context hierarchy
[INFO] [2018-09-21 04:59:14][org.springframework.beans.factory.xml.XmlBeanDefinitionReader]Loading XML bean definitions from class path resource [application.xml]
[WARN] [2018-09-21 04:59:15][org.springframework.context.support.ClassPathXmlApplicationContext]Exception encountered during context initialization - cancelling refresh attempt: org.springframework.beans.factory.BeanCreationException: Error creating bean with name 'sqlSessionFactory' defined in class path resource [application.xml]: Invocation of init method failed; nested exception is org.springframework.core.NestedIOException: Failed to parse config resource: class path resource [sqlMapConfig.xml]; nested exception is org.apache.ibatis.builder.BuilderException: Error parsing SQL Mapper Configuration. Cause: org.apache.ibatis.builder.BuilderException: Error creating document instance.  Cause: org.xml.sax.SAXParseException; lineNumber: 27; columnNumber: 9; 尾随节中不允许有内容。
[INFO] [2018-09-21 05:00:08][org.springframework.context.support.ClassPathXmlApplicationContext]Refreshing org.springframework.context.support.ClassPathXmlApplicationContext@2f7c7260: startup date [Fri Sep 21 05:00:08 CST 2018]; root of context hierarchy
[INFO] [2018-09-21 05:00:09][org.springframework.beans.factory.xml.XmlBeanDefinitionReader]Loading XML bean definitions from class path resource [application.xml]
[INFO] [2018-09-21 05:52:25][org.springframework.context.support.ClassPathXmlApplicationContext]Refreshing org.springframework.context.support.ClassPathXmlApplicationContext@3cb5cdba: startup date [Fri Sep 21 05:52:25 CST 2018]; root of context hierarchy
[INFO] [2018-09-21 05:52:25][org.springframework.beans.factory.xml.XmlBeanDefinitionReader]Loading XML bean definitions from class path resource [application.xml]
[INFO] [2018-09-21 05:52:26][org.springframework.context.support.ClassPathXmlApplicationContext]Refreshing org.springframework.context.support.ClassPathXmlApplicationContext@776b83cc: startup date [Fri Sep 21 05:52:26 CST 2018]; root of context hierarchy
[INFO] [2018-09-21 05:52:26][org.springframework.beans.factory.xml.XmlBeanDefinitionReader]Loading XML bean definitions from class path resource [application.xml]
[INFO] [2018-09-21 05:52:26][org.springframework.context.support.ClassPathXmlApplicationContext]Refreshing org.springframework.context.support.ClassPathXmlApplicationContext@44821a96: startup date [Fri Sep 21 05:52:26 CST 2018]; root of context hierarchy
[INFO] [2018-09-21 05:52:26][org.springframework.beans.factory.xml.XmlBeanDefinitionReader]Loading XML bean definitions from class path resource [application.xml]
[INFO] [2018-09-21 05:52:27][org.springframework.context.support.ClassPathXmlApplicationContext]Refreshing org.springframework.context.support.ClassPathXmlApplicationContext@73700b80: startup date [Fri Sep 21 05:52:27 CST 2018]; root of context hierarchy
[INFO] [2018-09-21 05:52:27][org.springframework.beans.factory.xml.XmlBeanDefinitionReader]Loading XML bean definitions from class path resource [application.xml]
[INFO] [2018-09-21 05:53:53][org.springframework.context.support.ClassPathXmlApplicationContext]Refreshing org.springframework.context.support.ClassPathXmlApplicationContext@2f7c7260: startup date [Fri Sep 21 05:53:52 CST 2018]; root of context hierarchy
[INFO] [2018-09-21 05:53:53][org.springframework.beans.factory.xml.XmlBeanDefinitionReader]Loading XML bean definitions from class path resource [application.xml]
[INFO] [2018-09-21 05:54:33][org.springframework.context.support.ClassPathXmlApplicationContext]Refreshing org.springframework.context.support.ClassPathXmlApplicationContext@2f7c7260: startup date [Fri Sep 21 05:54:33 CST 2018]; root of context hierarchy
[INFO] [2018-09-21 05:54:34][org.springframework.beans.factory.xml.XmlBeanDefinitionReader]Loading XML bean definitions from class path resource [application.xml]
[INFO] [2018-09-21 05:54:54][org.springframework.context.support.ClassPathXmlApplicationContext]Refreshing org.springframework.context.support.ClassPathXmlApplicationContext@2f7c7260: startup date [Fri Sep 21 05:54:54 CST 2018]; root of context hierarchy
[INFO] [2018-09-21 05:54:54][org.springframework.beans.factory.xml.XmlBeanDefinitionReader]Loading XML bean definitions from class path resource [application.xml]
[INFO] [2018-09-21 05:58:21][org.springframework.context.support.ClassPathXmlApplicationContext]Refreshing org.springframework.context.support.ClassPathXmlApplicationContext@3cb5cdba: startup date [Fri Sep 21 05:58:21 CST 2018]; root of context hierarchy
[INFO] [2018-09-21 05:58:21][org.springframework.beans.factory.xml.XmlBeanDefinitionReader]Loading XML bean definitions from class path resource [application.xml]
[INFO] [2018-09-21 05:58:23][org.springframework.context.support.ClassPathXmlApplicationContext]Refreshing org.springframework.context.support.ClassPathXmlApplicationContext@776b83cc: startup date [Fri Sep 21 05:58:23 CST 2018]; root of context hierarchy
[INFO] [2018-09-21 05:58:23][org.springframework.beans.factory.xml.XmlBeanDefinitionReader]Loading XML bean definitions from class path resource [application.xml]
[INFO] [2018-09-21 05:58:23][org.springframework.context.support.ClassPathXmlApplicationContext]Refreshing org.springframework.context.support.ClassPathXmlApplicationContext@44821a96: startup date [Fri Sep 21 05:58:23 CST 2018]; root of context hierarchy
[INFO] [2018-09-21 05:58:23][org.springframework.beans.factory.xml.XmlBeanDefinitionReader]Loading XML bean definitions from class path resource [application.xml]
[INFO] [2018-09-21 05:58:24][org.springframework.context.support.ClassPathXmlApplicationContext]Refreshing org.springframework.context.support.ClassPathXmlApplicationContext@73700b80: startup date [Fri Sep 21 05:58:24 CST 2018]; root of context hierarchy
[INFO] [2018-09-21 05:58:24][org.springframework.beans.factory.xml.XmlBeanDefinitionReader]Loading XML bean definitions from class path resource [application.xml]
[INFO] [2018-09-21 07:05:16][org.springframework.context.support.ClassPathXmlApplicationContext]Refreshing org.springframework.context.support.ClassPathXmlApplicationContext@56cbfb61: startup date [Fri Sep 21 07:05:16 CST 2018]; root of context hierarchy
[INFO] [2018-09-21 07:05:16][org.springframework.beans.factory.xml.XmlBeanDefinitionReader]Loading XML bean definitions from class path resource [application.xml]
[INFO] [2018-09-21 07:05:18][org.springframework.context.support.ClassPathXmlApplicationContext]Refreshing org.springframework.context.support.ClassPathXmlApplicationContext@776b83cc: startup date [Fri Sep 21 07:05:18 CST 2018]; root of context hierarchy
[INFO] [2018-09-21 07:05:18][org.springframework.beans.factory.xml.XmlBeanDefinitionReader]Loading XML bean definitions from class path resource [application.xml]
[INFO] [2018-09-21 07:05:18][org.springframework.context.support.ClassPathXmlApplicationContext]Refreshing org.springframework.context.support.ClassPathXmlApplicationContext@44821a96: startup date [Fri Sep 21 07:05:18 CST 2018]; root of context hierarchy
[INFO] [2018-09-21 07:05:18][org.springframework.beans.factory.xml.XmlBeanDefinitionReader]Loading XML bean definitions from class path resource [application.xml]
[INFO] [2018-09-21 07:05:19][org.springframework.context.support.ClassPathXmlApplicationContext]Refreshing org.springframework.context.support.ClassPathXmlApplicationContext@73700b80: startup date [Fri Sep 21 07:05:19 CST 2018]; root of context hierarchy
[INFO] [2018-09-21 07:05:19][org.springframework.beans.factory.xml.XmlBeanDefinitionReader]Loading XML bean definitions from class path resource [application.xml]
[INFO] [2018-09-21 07:05:50][org.springframework.context.support.ClassPathXmlApplicationContext]Refreshing org.springframework.context.support.ClassPathXmlApplicationContext@56cbfb61: startup date [Fri Sep 21 07:05:50 CST 2018]; root of context hierarchy
[INFO] [2018-09-21 07:05:51][org.springframework.beans.factory.xml.XmlBeanDefinitionReader]Loading XML bean definitions from class path resource [application.xml]
[INFO] [2018-09-21 07:05:52][org.springframework.context.support.ClassPathXmlApplicationContext]Refreshing org.springframework.context.support.ClassPathXmlApplicationContext@776b83cc: startup date [Fri Sep 21 07:05:52 CST 2018]; root of context hierarchy
[INFO] [2018-09-21 07:05:52][org.springframework.beans.factory.xml.XmlBeanDefinitionReader]Loading XML bean definitions from class path resource [application.xml]
[INFO] [2018-09-21 07:05:53][org.springframework.context.support.ClassPathXmlApplicationContext]Refreshing org.springframework.context.support.ClassPathXmlApplicationContext@44821a96: startup date [Fri Sep 21 07:05:53 CST 2018]; root of context hierarchy
[INFO] [2018-09-21 07:05:53][org.springframework.beans.factory.xml.XmlBeanDefinitionReader]Loading XML bean definitions from class path resource [application.xml]
[INFO] [2018-09-21 07:05:53][org.springframework.context.support.ClassPathXmlApplicationContext]Refreshing org.springframework.context.support.ClassPathXmlApplicationContext@73700b80: startup date [Fri Sep 21 07:05:53 CST 2018]; root of context hierarchy
[INFO] [2018-09-21 07:05:53][org.springframework.beans.factory.xml.XmlBeanDefinitionReader]Loading XML bean definitions from class path resource [application.xml]
[INFO] [2018-09-21 07:09:52][org.springframework.context.support.ClassPathXmlApplicationContext]Refreshing org.springframework.context.support.ClassPathXmlApplicationContext@56cbfb61: startup date [Fri Sep 21 07:09:52 CST 2018]; root of context hierarchy
[INFO] [2018-09-21 07:09:52][org.springframework.beans.factory.xml.XmlBeanDefinitionReader]Loading XML bean definitions from class path resource [application.xml]
[INFO] [2018-09-21 07:09:54][org.springframework.context.support.ClassPathXmlApplicationContext]Refreshing org.springframework.context.support.ClassPathXmlApplicationContext@776b83cc: startup date [Fri Sep 21 07:09:54 CST 2018]; root of context hierarchy
[INFO] [2018-09-21 07:09:54][org.springframework.beans.factory.xml.XmlBeanDefinitionReader]Loading XML bean definitions from class path resource [application.xml]
[INFO] [2018-09-21 07:09:54][org.springframework.context.support.ClassPathXmlApplicationContext]Refreshing org.springframework.context.support.ClassPathXmlApplicationContext@44821a96: startup date [Fri Sep 21 07:09:54 CST 2018]; root of context hierarchy
[INFO] [2018-09-21 07:09:54][org.springframework.beans.factory.xml.XmlBeanDefinitionReader]Loading XML bean definitions from class path resource [application.xml]
[INFO] [2018-09-21 07:09:55][org.springframework.context.support.ClassPathXmlApplicationContext]Refreshing org.springframework.context.support.ClassPathXmlApplicationContext@73700b80: startup date [Fri Sep 21 07:09:55 CST 2018]; root of context hierarchy
[INFO] [2018-09-21 07:09:55][org.springframework.beans.factory.xml.XmlBeanDefinitionReader]Loading XML bean definitions from class path resource [application.xml]
[INFO] [2018-09-21 07:11:39][org.springframework.context.support.ClassPathXmlApplicationContext]Refreshing org.springframework.context.support.ClassPathXmlApplicationContext@56cbfb61: startup date [Fri Sep 21 07:11:39 CST 2018]; root of context hierarchy
[INFO] [2018-09-21 07:11:39][org.springframework.beans.factory.xml.XmlBeanDefinitionReader]Loading XML bean definitions from class path resource [application.xml]
[INFO] [2018-09-21 07:11:41][org.springframework.context.support.ClassPathXmlApplicationContext]Refreshing org.springframework.context.support.ClassPathXmlApplicationContext@776b83cc: startup date [Fri Sep 21 07:11:41 CST 2018]; root of context hierarchy
[INFO] [2018-09-21 07:11:41][org.springframework.beans.factory.xml.XmlBeanDefinitionReader]Loading XML bean definitions from class path resource [application.xml]
[INFO] [2018-09-21 07:11:41][org.springframework.context.support.ClassPathXmlApplicationContext]Refreshing org.springframework.context.support.ClassPathXmlApplicationContext@44821a96: startup date [Fri Sep 21 07:11:41 CST 2018]; root of context hierarchy
[INFO] [2018-09-21 07:11:41][org.springframework.beans.factory.xml.XmlBeanDefinitionReader]Loading XML bean definitions from class path resource [application.xml]
[INFO] [2018-09-21 07:11:41][org.springframework.context.support.ClassPathXmlApplicationContext]Refreshing org.springframework.context.support.ClassPathXmlApplicationContext@73700b80: startup date [Fri Sep 21 07:11:41 CST 2018]; root of context hierarchy
[INFO] [2018-09-21 07:11:41][org.springframework.beans.factory.xml.XmlBeanDefinitionReader]Loading XML bean definitions from class path resource [application.xml]
[INFO] [2018-09-21 07:14:22][org.springframework.context.support.ClassPathXmlApplicationContext]Refreshing org.springframework.context.support.ClassPathXmlApplicationContext@56cbfb61: startup date [Fri Sep 21 07:14:22 CST 2018]; root of context hierarchy
[INFO] [2018-09-21 07:14:22][org.springframework.beans.factory.xml.XmlBeanDefinitionReader]Loading XML bean definitions from class path resource [application.xml]
[INFO] [2018-09-21 07:14:24][org.springframework.context.support.ClassPathXmlApplicationContext]Refreshing org.springframework.context.support.ClassPathXmlApplicationContext@776b83cc: startup date [Fri Sep 21 07:14:24 CST 2018]; root of context hierarchy
[INFO] [2018-09-21 07:14:24][org.springframework.beans.factory.xml.XmlBeanDefinitionReader]Loading XML bean definitions from class path resource [application.xml]
[INFO] [2018-09-21 07:14:24][org.springframework.context.support.ClassPathXmlApplicationContext]Refreshing org.springframework.context.support.ClassPathXmlApplicationContext@44821a96: startup date [Fri Sep 21 07:14:24 CST 2018]; root of context hierarchy
[INFO] [2018-09-21 07:14:24][org.springframework.beans.factory.xml.XmlBeanDefinitionReader]Loading XML bean definitions from class path resource [application.xml]
[INFO] [2018-09-21 07:14:25][org.springframework.context.support.ClassPathXmlApplicationContext]Refreshing org.springframework.context.support.ClassPathXmlApplicationContext@73700b80: startup date [Fri Sep 21 07:14:25 CST 2018]; root of context hierarchy
[INFO] [2018-09-21 07:14:25][org.springframework.beans.factory.xml.XmlBeanDefinitionReader]Loading XML bean definitions from class path resource [application.xml]
[INFO] [2018-09-21 08:58:14][org.springframework.context.support.ClassPathXmlApplicationContext]Refreshing org.springframework.context.support.ClassPathXmlApplicationContext@6b71769e: startup date [Fri Sep 21 08:58:14 CST 2018]; root of context hierarchy
[INFO] [2018-09-21 08:58:14][org.springframework.beans.factory.xml.XmlBeanDefinitionReader]Loading XML bean definitions from class path resource [application.xml]
[INFO] [2018-09-21 08:59:21][org.springframework.context.support.ClassPathXmlApplicationContext]Refreshing org.springframework.context.support.ClassPathXmlApplicationContext@6b71769e: startup date [Fri Sep 21 08:59:21 CST 2018]; root of context hierarchy
[INFO] [2018-09-21 08:59:21][org.springframework.beans.factory.xml.XmlBeanDefinitionReader]Loading XML bean definitions from class path resource [application.xml]
[INFO] [2018-09-21 09:00:46][org.springframework.context.support.ClassPathXmlApplicationContext]Refreshing org.springframework.context.support.ClassPathXmlApplicationContext@6b71769e: startup date [Fri Sep 21 09:00:46 CST 2018]; root of context hierarchy
[INFO] [2018-09-21 09:00:46][org.springframework.beans.factory.xml.XmlBeanDefinitionReader]Loading XML bean definitions from class path resource [application.xml]
[INFO] [2018-09-21 09:01:26][org.springframework.context.support.ClassPathXmlApplicationContext]Refreshing org.springframework.context.support.ClassPathXmlApplicationContext@6b71769e: startup date [Fri Sep 21 09:01:26 CST 2018]; root of context hierarchy
[INFO] [2018-09-21 09:01:26][org.springframework.beans.factory.xml.XmlBeanDefinitionReader]Loading XML bean definitions from class path resource [application.xml]
[INFO] [2018-09-21 09:03:18][org.springframework.context.support.ClassPathXmlApplicationContext]Refreshing org.springframework.context.support.ClassPathXmlApplicationContext@6b71769e: startup date [Fri Sep 21 09:03:18 CST 2018]; root of context hierarchy
[INFO] [2018-09-21 09:03:18][org.springframework.beans.factory.xml.XmlBeanDefinitionReader]Loading XML bean definitions from class path resource [application.xml]
[INFO] [2018-09-21 09:06:06][org.springframework.context.support.ClassPathXmlApplicationContext]Refreshing org.springframework.context.support.ClassPathXmlApplicationContext@6b71769e: startup date [Fri Sep 21 09:06:06 CST 2018]; root of context hierarchy
[INFO] [2018-09-21 09:06:06][org.springframework.beans.factory.xml.XmlBeanDefinitionReader]Loading XML bean definitions from class path resource [application.xml]
[INFO] [2018-09-21 09:07:13][org.springframework.context.support.ClassPathXmlApplicationContext]Refreshing org.springframework.context.support.ClassPathXmlApplicationContext@6b71769e: startup date [Fri Sep 21 09:07:13 CST 2018]; root of context hierarchy
[INFO] [2018-09-21 09:07:13][org.springframework.beans.factory.xml.XmlBeanDefinitionReader]Loading XML bean definitions from class path resource [application.xml]
[INFO] [2018-09-21 09:11:08][org.springframework.context.support.ClassPathXmlApplicationContext]Refreshing org.springframework.context.support.ClassPathXmlApplicationContext@2d209079: startup date [Fri Sep 21 09:11:08 CST 2018]; root of context hierarchy
[INFO] [2018-09-21 09:11:09][org.springframework.beans.factory.xml.XmlBeanDefinitionReader]Loading XML bean definitions from class path resource [application.xml]
[INFO] [2018-09-21 09:11:10][TestMybatis]com.test.pojo.User@776b83cc
[INFO] [2018-09-21 09:11:10][TestMybatis]User Id: 1
[INFO] [2018-09-21 09:11:10][TestMybatis]User Name: yiibai
